<?xml version="1.0" encoding="UTF-8"?>
<testng-results ignored="0" total="3" passed="3" failed="0" skipped="0">
  <reporter-output>
  </reporter-output>
  <suite started-at="2025-06-17T22:55:09 IST" name="QA Suite" finished-at="2025-06-17T22:55:47 IST" duration-ms="37938">
    <groups>
    </groups>
    <test started-at="2025-06-17T22:55:09 IST" name="Tests" finished-at="2025-06-17T22:55:47 IST" duration-ms="37938">
      <class name="tests.DreamTotalTest">
        <test-method is-config="true" signature="setup()[pri:0, instance:tests.DreamTotalTest@59fd97a8]" started-at="2025-06-17T22:55:35 IST" name="setup" finished-at="2025-06-17T22:55:39 IST" duration-ms="3730" status="PASS">
          <reporter-output>
          </reporter-output>
        </test-method> <!-- setup -->
        <test-method signature="testing()[pri:0, instance:tests.DreamTotalTest@59fd97a8]" started-at="2025-06-17T22:55:39 IST" name="testing" finished-at="2025-06-17T22:55:39 IST" duration-ms="702" status="PASS">
          <reporter-output>
          </reporter-output>
        </test-method> <!-- testing -->
        <test-method is-config="true" signature="close()[pri:0, instance:tests.DreamTotalTest@59fd97a8]" started-at="2025-06-17T22:55:39 IST" name="close" finished-at="2025-06-17T22:55:40 IST" duration-ms="327" status="PASS">
          <reporter-output>
          </reporter-output>
        </test-method> <!-- close -->
      </class> <!-- tests.DreamTotalTest -->
      <class name="tests.indexPageTest">
        <test-method is-config="true" signature="setup()[pri:0, instance:tests.indexPageTest@62150f9e]" started-at="2025-06-17T22:55:40 IST" name="setup" finished-at="2025-06-17T22:55:42 IST" duration-ms="2235" status="PASS">
          <reporter-output>
          </reporter-output>
        </test-method> <!-- setup -->
        <test-method signature="testing()[pri:0, instance:tests.indexPageTest@62150f9e]" started-at="2025-06-17T22:55:42 IST" name="testing" finished-at="2025-06-17T22:55:46 IST" duration-ms="4192" status="PASS">
          <reporter-output>
          </reporter-output>
        </test-method> <!-- testing -->
        <test-method is-config="true" signature="close()[pri:0, instance:tests.indexPageTest@62150f9e]" started-at="2025-06-17T22:55:46 IST" name="close" finished-at="2025-06-17T22:55:47 IST" duration-ms="818" status="PASS">
          <reporter-output>
          </reporter-output>
        </test-method> <!-- close -->
      </class> <!-- tests.indexPageTest -->
      <class name="tests.DreamDiaryTest">
        <test-method is-config="true" signature="setup()[pri:0, instance:tests.DreamDiaryTest@57c758ac]" started-at="2025-06-17T22:55:09 IST" name="setup" finished-at="2025-06-17T22:55:16 IST" duration-ms="7054" status="PASS">
          <reporter-output>
          </reporter-output>
        </test-method> <!-- setup -->
        <test-method signature="testing()[pri:0, instance:tests.DreamDiaryTest@57c758ac]" started-at="2025-06-17T22:55:16 IST" name="testing" finished-at="2025-06-17T22:55:22 IST" duration-ms="5332" status="PASS">
          <reporter-output>
          </reporter-output>
        </test-method> <!-- testing -->
        <test-method is-config="true" signature="close()[pri:0, instance:tests.DreamDiaryTest@57c758ac]" started-at="2025-06-17T22:55:22 IST" name="close" finished-at="2025-06-17T22:55:35 IST" duration-ms="13099" status="PASS">
          <reporter-output>
          </reporter-output>
        </test-method> <!-- close -->
      </class> <!-- tests.DreamDiaryTest -->
    </test> <!-- Tests -->
  </suite> <!-- QA Suite -->
</testng-results>
